# JRE version: Java(TM) SE Runtime Environment (8.0_73-b02) (build 1.8.0_73-b02)
# Java VM: Java HotSpot(TM) 64-Bit Server VM (25.73-b02 mixed mode windows-amd64 compressed oops)
Heap:
 PSYoungGen      total 38400K, used 14258K [0x00000000d5a00000, 0x00000000d8480000, 0x0000000100000000)
  eden space 33280K, 42% used [0x00000000d5a00000,0x00000000d67ecbc0,0x00000000d7a80000)
  from space 5120K, 0% used [0x00000000d7a80000,0x00000000d7a80000,0x00000000d7f80000)
  to   space 5120K, 0% used [0x00000000d7f80000,0x00000000d7f80000,0x00000000d8480000)
 ParOldGen       total 63488K, used 1206K [0x0000000080e00000, 0x0000000084c00000, 0x00000000d5a00000)
  object space 63488K, 1% used [0x0000000080e00000,0x0000000080f2d9b8,0x0000000084c00000)
 Metaspace       used 11190K, capacity 11352K, committed 11648K, reserved 1060864K
  class space    used 1471K, capacity 1551K, committed 1664K, reserved 1048576K
GC Heap History (4 events):
Event: 0.218 GC heap before
{Heap before GC invocations=1 (full 0):
 PSYoungGen      total 38400K, used 6664K [0x00000000d5a00000, 0x00000000d8480000, 0x0000000100000000)
  eden space 33280K, 20% used [0x00000000d5a00000,0x00000000d60822e0,0x00000000d7a80000)
  from space 5120K, 0% used [0x00000000d7f80000,0x00000000d7f80000,0x00000000d8480000)
  to   space 5120K, 0% used [0x00000000d7a80000,0x00000000d7a80000,0x00000000d7f80000)
 ParOldGen       total 87552K, used 0K [0x0000000080e00000, 0x0000000086380000, 0x00000000d5a00000)
  object space 87552K, 0% used [0x0000000080e00000,0x0000000080e00000,0x0000000086380000)
 Metaspace       used 7779K, capacity 7930K, committed 8064K, reserved 1060864K
  class space    used 977K, capacity 1029K, committed 1152K, reserved 1048576K
Event: 0.219 GC heap after
Heap after GC invocations=1 (full 0):
 PSYoungGen      total 38400K, used 1296K [0x00000000d5a00000, 0x00000000d8480000, 0x0000000100000000)
  eden space 33280K, 0% used [0x00000000d5a00000,0x00000000d5a00000,0x00000000d7a80000)
  from space 5120K, 25% used [0x00000000d7a80000,0x00000000d7bc4010,0x00000000d7f80000)
  to   space 5120K, 0% used [0x00000000d7f80000,0x00000000d7f80000,0x00000000d8480000)
 ParOldGen       total 87552K, used 8K [0x0000000080e00000, 0x0000000086380000, 0x00000000d5a00000)
  object space 87552K, 0% used [0x0000000080e00000,0x0000000080e02000,0x0000000086380000)
 Metaspace       used 7779K, capacity 7930K, committed 8064K, reserved 1060864K
  class space    used 977K, capacity 1029K, committed 1152K, reserved 1048576K
}
Event: 0.219 GC heap before
{Heap before GC invocations=2 (full 1):
 PSYoungGen      total 38400K, used 1296K [0x00000000d5a00000, 0x00000000d8480000, 0x0000000100000000)
  eden space 33280K, 0% used [0x00000000d5a00000,0x00000000d5a00000,0x00000000d7a80000)
  from space 5120K, 25% used [0x00000000d7a80000,0x00000000d7bc4010,0x00000000d7f80000)
  to   space 5120K, 0% used [0x00000000d7f80000,0x00000000d7f80000,0x00000000d8480000)
 ParOldGen       total 87552K, used 8K [0x0000000080e00000, 0x0000000086380000, 0x00000000d5a00000)
  object space 87552K, 0% used [0x0000000080e00000,0x0000000080e02000,0x0000000086380000)
 Metaspace       used 7779K, capacity 7930K, committed 8064K, reserved 1060864K
  class space    used 977K, capacity 1029K, committed 1152K, reserved 1048576K
Event: 0.227 GC heap after
Heap after GC invocations=2 (full 1):
 PSYoungGen      total 38400K, used 0K [0x00000000d5a00000, 0x00000000d8480000, 0x0000000100000000)
  eden space 33280K, 0% used [0x00000000d5a00000,0x00000000d5a00000,0x00000000d7a80000)
  from space 5120K, 0% used [0x00000000d7a80000,0x00000000d7a80000,0x00000000d7f80000)
  to   space 5120K, 0% used [0x00000000d7f80000,0x00000000d7f80000,0x00000000d8480000)
 ParOldGen       total 63488K, used 1206K [0x0000000080e00000, 0x0000000084c00000, 0x00000000d5a00000)
  object space 63488K, 1% used [0x0000000080e00000,0x0000000080f2d9b8,0x0000000084c00000)
 Metaspace       used 7779K, capacity 7930K, committed 8064K, reserved 1058816K
  class space    used 977K, capacity 1029K, committed 1152K, reserved 1048576K
}

